# JRE version: OpenJDK Runtime Environment Zulu13.44+13-CA (13.0.9+3) (build 13.0.9+3-MTS)
# Java VM: OpenJDK 64-Bit Server VM Zulu13.44+13-CA (13.0.9+3-MTS, mixed mode, tiered, compressed oops, g1 gc, bsd-aarch64)
Heap:
 garbage-first heap   total 96256K, used 21574K [0x00000006c0000000, 0x00000007c0000000)
  region size 1024K, 7 young (7168K), 5 survivors (5120K)
 Metaspace       used 53245K, capacity 54697K, committed 54832K, reserved 1097728K
  class space    used 6693K, capacity 7253K, committed 7296K, reserved 1048576K
GC Heap History (20 events):
Event: 0.662 GC heap before
{Heap before GC invocations=4 (full 0):
 garbage-first heap   total 49152K, used 31169K [0x00000006c0000000, 0x00000007c0000000)
  region size 1024K, 24 young (24576K), 3 survivors (3072K)
 Metaspace       used 25534K, capacity 26245K, committed 26416K, reserved 1073152K
  class space    used 2942K, capacity 3185K, committed 3200K, reserved 1048576K
}
Event: 0.664 GC heap after
{Heap after GC invocations=5 (full 0):
 garbage-first heap   total 49152K, used 10407K [0x00000006c0000000, 0x00000007c0000000)
  region size 1024K, 2 young (2048K), 2 survivors (2048K)
 Metaspace       used 25534K, capacity 26245K, committed 26416K, reserved 1073152K
  class space    used 2942K, capacity 3185K, committed 3200K, reserved 1048576K
}
Event: 0.667 GC heap before
{Heap before GC invocations=5 (full 0):
 garbage-first heap   total 49152K, used 31911K [0x00000006c0000000, 0x00000007c0000000)
  region size 1024K, 24 young (24576K), 2 survivors (2048K)
 Metaspace       used 25606K, capacity 26341K, committed 26544K, reserved 1073152K
  class space    used 2954K, capacity 3217K, committed 3328K, reserved 1048576K
}
Event: 0.668 GC heap after
{Heap after GC invocations=6 (full 0):
 garbage-first heap   total 155648K, used 10390K [0x00000006c0000000, 0x00000007c0000000)
  region size 1024K, 2 young (2048K), 2 survivors (2048K)
 Metaspace       used 25606K, capacity 26341K, committed 26544K, reserved 1073152K
  class space    used 2954K, capacity 3217K, committed 3328K, reserved 1048576K
}
Event: 0.778 GC heap before
{Heap before GC invocations=6 (full 0):
 garbage-first heap   total 155648K, used 75926K [0x00000006c0000000, 0x00000007c0000000)
  region size 1024K, 67 young (68608K), 2 survivors (2048K)
 Metaspace       used 29265K, capacity 29997K, committed 30000K, reserved 1075200K
  class space    used 3444K, capacity 3710K, committed 3712K, reserved 1048576K
}
Event: 0.780 GC heap after
{Heap after GC invocations=7 (full 0):
 garbage-first heap   total 155648K, used 11746K [0x00000006c0000000, 0x00000007c0000000)
  region size 1024K, 3 young (3072K), 3 survivors (3072K)
 Metaspace       used 29265K, capacity 29997K, committed 30000K, reserved 1075200K
  class space    used 3444K, capacity 3710K, committed 3712K, reserved 1048576K
}
Event: 1.029 GC heap before
{Heap before GC invocations=7 (full 0):
 garbage-first heap   total 155648K, used 77282K [0x00000006c0000000, 0x00000007c0000000)
  region size 1024K, 69 young (70656K), 3 survivors (3072K)
 Metaspace       used 34991K, capacity 35872K, committed 35920K, reserved 1081344K
  class space    used 4276K, capacity 4594K, committed 4608K, reserved 1048576K
}
Event: 1.033 GC heap after
{Heap after GC invocations=8 (full 0):
 garbage-first heap   total 155648K, used 14041K [0x00000006c0000000, 0x00000007c0000000)
  region size 1024K, 6 young (6144K), 6 survivors (6144K)
 Metaspace       used 34991K, capacity 35872K, committed 35920K, reserved 1081344K
  class space    used 4276K, capacity 4594K, committed 4608K, reserved 1048576K
}
Event: 1.126 GC heap before
{Heap before GC invocations=9 (full 0):
 garbage-first heap   total 58368K, used 55001K [0x00000006c0000000, 0x00000007c0000000)
  region size 1024K, 47 young (48128K), 6 survivors (6144K)
 Metaspace       used 37197K, capacity 38230K, committed 38448K, reserved 1083392K
  class space    used 4537K, capacity 4913K, committed 4992K, reserved 1048576K
}
Event: 1.130 GC heap after
{Heap after GC invocations=10 (full 0):
 garbage-first heap   total 65536K, used 15508K [0x00000006c0000000, 0x00000007c0000000)
  region size 1024K, 7 young (7168K), 7 survivors (7168K)
 Metaspace       used 37197K, capacity 38230K, committed 38448K, reserved 1083392K
  class space    used 4537K, capacity 4913K, committed 4992K, reserved 1048576K
}
Event: 1.192 GC heap before
{Heap before GC invocations=10 (full 0):
 garbage-first heap   total 65536K, used 46228K [0x00000006c0000000, 0x00000007c0000000)
  region size 1024K, 38 young (38912K), 7 survivors (7168K)
 Metaspace       used 38760K, capacity 39915K, committed 39984K, reserved 1083392K
  class space    used 4763K, capacity 5242K, committed 5248K, reserved 1048576K
}
Event: 1.196 GC heap after
{Heap after GC invocations=11 (full 0):
 garbage-first heap   total 78848K, used 16074K [0x00000006c0000000, 0x00000007c0000000)
  region size 1024K, 3 young (3072K), 3 survivors (3072K)
 Metaspace       used 38760K, capacity 39915K, committed 39984K, reserved 1083392K
  class space    used 4763K, capacity 5242K, committed 5248K, reserved 1048576K
}
Event: 1.346 GC heap before
{Heap before GC invocations=11 (full 0):
 garbage-first heap   total 78848K, used 56010K [0x00000006c0000000, 0x00000007c0000000)
  region size 1024K, 42 young (43008K), 3 survivors (3072K)
 Metaspace       used 43453K, capacity 44565K, committed 44592K, reserved 1087488K
  class space    used 5293K, capacity 5758K, committed 5760K, reserved 1048576K
}
Event: 1.348 GC heap after
{Heap after GC invocations=12 (full 0):
 garbage-first heap   total 78848K, used 16775K [0x00000006c0000000, 0x00000007c0000000)
  region size 1024K, 3 young (3072K), 3 survivors (3072K)
 Metaspace       used 43453K, capacity 44565K, committed 44592K, reserved 1087488K
  class space    used 5293K, capacity 5758K, committed 5760K, reserved 1048576K
}
Event: 1.440 GC heap before
{Heap before GC invocations=12 (full 0):
 garbage-first heap   total 78848K, used 58759K [0x00000006c0000000, 0x00000007c0000000)
  region size 1024K, 44 young (45056K), 3 survivors (3072K)
 Metaspace       used 46158K, capacity 47418K, committed 47536K, reserved 1091584K
  class space    used 5822K, capacity 6302K, committed 6400K, reserved 1048576K
}
Event: 1.443 GC heap after
{Heap after GC invocations=13 (full 0):
 garbage-first heap   total 78848K, used 17345K [0x00000006c0000000, 0x00000007c0000000)
  region size 1024K, 4 young (4096K), 4 survivors (4096K)
 Metaspace       used 46158K, capacity 47418K, committed 47536K, reserved 1091584K
  class space    used 5822K, capacity 6302K, committed 6400K, reserved 1048576K
}
Event: 1.614 GC heap before
{Heap before GC invocations=13 (full 0):
 garbage-first heap   total 78848K, used 59329K [0x00000006c0000000, 0x00000007c0000000)
  region size 1024K, 45 young (46080K), 4 survivors (4096K)
 Metaspace       used 49070K, capacity 50390K, committed 50736K, reserved 1093632K
  class space    used 6170K, capacity 6674K, committed 6784K, reserved 1048576K
}
Event: 1.617 GC heap after
{Heap after GC invocations=14 (full 0):
 garbage-first heap   total 78848K, used 19145K [0x00000006c0000000, 0x00000007c0000000)
  region size 1024K, 5 young (5120K), 5 survivors (5120K)
 Metaspace       used 49070K, capacity 50390K, committed 50736K, reserved 1093632K
  class space    used 6170K, capacity 6674K, committed 6784K, reserved 1048576K
}
Event: 18.687 GC heap before
{Heap before GC invocations=14 (full 0):
 garbage-first heap   total 78848K, used 59081K [0x00000006c0000000, 0x00000007c0000000)
  region size 1024K, 45 young (46080K), 5 survivors (5120K)
 Metaspace       used 53131K, capacity 54633K, committed 54832K, reserved 1097728K
  class space    used 6683K, capacity 7253K, committed 7296K, reserved 1048576K
}
Event: 18.695 GC heap after
{Heap after GC invocations=15 (full 0):
 garbage-first heap   total 96256K, used 21574K [0x00000006c0000000, 0x00000007c0000000)
  region size 1024K, 5 young (5120K), 5 survivors (5120K)
 Metaspace       used 53131K, capacity 54633K, committed 54832K, reserved 1097728K
  class space    used 6683K, capacity 7253K, committed 7296K, reserved 1048576K
}

